
> vibe-generated-app@1.0.0 dev
> vite


  VITE v5.4.20  ready in 280 ms

  ➜  Local:   http://localhost:3000/
  ➜  Network: http://172.20.2.19:3000/
4:26:40 AM [vite] Pre-transform error: Transform failed with 1 error:
/home/workspace/src/App.jsx:54:54: ERROR: Unterminated string literal
4:26:40 AM [vite] Internal server error: Transform failed with 1 error:
/home/workspace/src/App.jsx:54:54: ERROR: Unterminated string literal
  Plugin: vite:esbuild
  File: /home/workspace/src/App.jsx:54:54
  
  Unterminated string literal
  53 |      medicalBg: 'ವೈದ್ಯಕೀಯ ಥೀಮ್ ಅನುಭವ',
  54 |      uploadJpeg: 'JPEG ಎಕ್ಸ್-ರೇ ಅಪ್ಲೋಡ್ ಮಾಡಿ',
  55 |      submit: 'ಸಲ್ಲಿಸು',
     |        ^
  56 |      directions: 'ದಿಕ್ಕು ಪಡೆಯಿರಿ',
  57 |    }
  
      at failureErrorWithLog (/home/workspace/node_modules/esbuild/lib/main.js:1472:15)
      at /home/workspace/node_modules/esbuild/lib/main.js:755:50
      at responseCallbacks.<computed> (/home/workspace/node_modules/esbuild/lib/main.js:622:9)
      at handleIncomingPacket (/home/workspace/node_modules/esbuild/lib/main.js:677:12)
      at Socket.readFromStdout (/home/workspace/node_modules/esbuild/lib/main.js:600:7)
      at Socket.emit (node:events:508:28)
      at addChunk (node:internal/streams/readable:559:12)
      at readableAddChunkPushByteMode (node:internal/streams/readable:510:3)
      at Readable.push (node:internal/streams/readable:390:5)
      at Pipe.onStreamRead (node:internal/stream_base_commons:189:23)
